cl mcm.c
mcm.c
Microsoft (R) Incremental Linker Version 6.00.8447
Copyright (C) Microsoft Corp 1992-1998. All rights reserved.

/out:mcm.exe
mcm.obj
./mcm.exe

Problem 1 {{{
Input: A1[10x100] A2[100x5] A3[5x50]
order of filling m is:
 |      1|      2|      3
-+-------+-------+-------+
1:      0       1       5
2:              0       2
3:                      0

m is:
 |      1|      2|      3
-+-------+-------+-------+
1:      0    5000    7500
2:              0   25000
3:                      0

s is:
 |      1|      2|      3
-+-------+-------+-------+
1:      0       1       2
2:              0       2
3:                      0

Minimum mult is 7500 by:(( A1 A2) A3)
}}}

Problem 2 {{{
Input: A1[30x35] A2[35x15] A3[15x5] A4[5x10] A5[10x20] A6[20x25]
order of filling m is:
 |      1|      2|      3|      4|      5|      6
-+-------+-------+-------+-------+-------+-------+
1:      0       1       7      15      22      28
2:              0       2       9      17      24
3:                      0       3      10      18
4:                              0       4      12
5:                                      0       5
6:                                              0

m is:
 |      1|      2|      3|      4|      5|      6
-+-------+-------+-------+-------+-------+-------+
1:      0   15750    7875    9375   11875   15125
2:              0    2625    4375    7125   10500
3:                      0     750    2500    5375
4:                              0    1000    3500
5:                                      0    5000
6:                                              0

s is:
 |      1|      2|      3|      4|      5|      6
-+-------+-------+-------+-------+-------+-------+
1:      0       1       1       3       3       3
2:              0       2       3       3       3
3:                      0       3       3       3
4:                              0       4       5
5:                                      0       5
6:                                              0

Minimum mult is 15125 by:(( A1( A2 A3))(( A4 A5) A6))
}}}

Problem 3 {{{
Input: A1[1x2] A2[2x3] A3[3x4]
order of filling m is:
 |      1|      2|      3
-+-------+-------+-------+
1:      0       1       5
2:              0       2
3:                      0

m is:
 |      1|      2|      3
-+-------+-------+-------+
1:      0       6      18
2:              0      24
3:                      0

s is:
 |      1|      2|      3
-+-------+-------+-------+
1:      0       1       2
2:              0       2
3:                      0

Minimum mult is 18 by:(( A1 A2) A3)
}}}
./mcm.exe 1 2 3 4 5
Reading from command line: 1  2  3  4  5
Problem 1 {{{
Input: A1[1x2] A2[2x3] A3[3x4] A4[4x5]
order of filling m is:
 |      1|      2|      3|      4
-+-------+-------+-------+-------+
1:      0       1       6      11
2:              0       2       8
3:                      0       3
4:                              0

m is:
 |      1|      2|      3|      4
-+-------+-------+-------+-------+
1:      0       6      18      38
2:              0      24      64
3:                      0      60
4:                              0

s is:
 |      1|      2|      3|      4
-+-------+-------+-------+-------+
1:      0       1       2       3
2:              0       2       3
3:                      0       3
4:                              0

Minimum mult is 38 by:((( A1 A2) A3) A4)
}}}
./mcm.exe 5 4 3 2 1
Reading from command line: 5  4  3  2  1
Problem 1 {{{
Input: A1[5x4] A2[4x3] A3[3x2] A4[2x1]
order of filling m is:
 |      1|      2|      3|      4
-+-------+-------+-------+-------+
1:      0       1       5       9
2:              0       2       6
3:                      0       3
4:                              0

m is:
 |      1|      2|      3|      4
-+-------+-------+-------+-------+
1:      0      60      64      38
2:              0      24      18
3:                      0       6
4:                              0

s is:
 |      1|      2|      3|      4
-+-------+-------+-------+-------+
1:      0       1       1       1
2:              0       2       2
3:                      0       3
4:                              0

Minimum mult is 38 by:( A1( A2( A3 A4)))
}}}
./mcm.exe 1 2 3 2 1
Reading from command line: 1  2  3  2  1
Problem 1 {{{
Input: A1[1x2] A2[2x3] A3[3x2] A4[2x1]
order of filling m is:
 |      1|      2|      3|      4
-+-------+-------+-------+-------+
1:      0       1       6      10
2:              0       2       7
3:                      0       3
4:                              0

m is:
 |      1|      2|      3|      4
-+-------+-------+-------+-------+
1:      0       6      12      14
2:              0      12      12
3:                      0       6
4:                              0

s is:
 |      1|      2|      3|      4
-+-------+-------+-------+-------+
1:      0       1       2       1
2:              0       2       2
3:                      0       3
4:                              0

Minimum mult is 14 by:( A1( A2( A3 A4)))
}}}
./mcm.exe 1 5 3 2 1
Reading from command line: 1  5  3  2  1
Problem 1 {{{
Input: A1[1x5] A2[5x3] A3[3x2] A4[2x1]
order of filling m is:
 |      1|      2|      3|      4
-+-------+-------+-------+-------+
1:      0       1       6      12
2:              0       2       7
3:                      0       3
4:                              0

m is:
 |      1|      2|      3|      4
-+-------+-------+-------+-------+
1:      0      15      21      23
2:              0      30      21
3:                      0       6
4:                              0

s is:
 |      1|      2|      3|      4
-+-------+-------+-------+-------+
1:      0       1       2       3
2:              0       2       2
3:                      0       3
4:                              0

Minimum mult is 23 by:((( A1 A2) A3) A4)
}}}
