Jan 25, 2017 Albums
Number of Lo-Res Albums:  924
Number of Hi-Res Albums: 2574

Jan 26, 2017
Number of Lo-Res Albums:  924
Number of Hi-Res Albums: 2578

Jan 27, 2017
Number of Lo-Res Albums:  924
Number of Hi-Res Albums: 2581

Jan 29, 2017
Number of Lo-Res Albums:  919
Number of Hi-Res Albums: 2595

Feb 13, 2017
Number of Lo-Res Albums:  919
Number of Hi-Res Albums: 2595

Feb 14, 2017
Number of Lo-Res Albums:  919
Number of Hi-Res Albums: 2598

April 12, 2017
Number of Lo-Res Albums:  918
Number of Hi-Res Albums: 2626

April 29, 2017
Number of Lo-Res Albums:  918
Number of Hi-Res Albums: 2628

May 5, 2017
Number of Lo-Res Albums:  918
Number of Hi-Res Albums: 2658

May 9, 2017
Number of Lo-Res Albums:  918
Number of Hi-Res Albums: 2668

May 13, 2017
Number of Lo-Res Albums:  917
Number of Hi-Res Albums: 2684

May 24, 2017
Number of Lo-Res Albums:  916
Number of Hi-Res Albums: 2693

June 1, 2017
Number of Lo-Res Albums:  915
Number of Hi-Res Albums: 2718

June 3, 2017
Number of Lo-Res Albums:  915
Number of Hi-Res Albums: 2726

June 4, 2017
Number of Lo-Res Albums:  915
Number of Hi-Res Albums: 2737

June 5, 2017
Number of Lo-Res Albums:  915
Number of Hi-Res Albums: 2740

June 6, 2017
Number of Lo-Res Albums:  915
Number of Hi-Res Albums: 2746

June 7, 2017
Number of Lo-Res Albums:  915
Number of Hi-Res Albums: 2711

June 12, 2017
Number of Lo-Res Albums:  915
Number of Hi-Res Albums: 2763

June 20, 2017
Number of Lo-Res Albums:  915
Number of Hi-Res Albums: 2773

July 2, 2017
Number of Lo-Res Albums:  914
Number of Hi-Res Albums: 2843

July 8, 2017
Number of Lo-Res Albums:  914
Number of Hi-Res Albums: 2856

July 9, 2017
Number of Lo-Res Albums:  913
Number of Hi-Res Albums: 2867

July 10, 2017
Number of Lo-Res Albums:  913
Number of Hi-Res Albums: 2882

July 12, 2017
Number of Lo-Res Albums:  913
Number of Hi-Res Albums: 2908

July 13, 2017 (Aaron has through here)
Number of Lo-Res Albums:  911
Number of Hi-Res Albums: 2923

July 24, 2017
Number of Lo-Res Albums:  911
Number of Hi-Res Albums: 3045

July 26, 2017
Number of Lo-Res Albums:  911
Number of Hi-Res Albums: 3064

July 29, 2017
Number of Lo-Res Albums:  911
Number of Hi-Res Albums: 3099

July 30, 2017
Number of Lo-Res Albums:  911
Number of Hi-Res Albums: 3110

August 1, 2017
Number of Lo-Res Albums:  910
Number of Hi-Res Albums: 3122

August 10, 2017
Number of Lo-Res Albums:  910
Number of Hi-Res Albums: 3134

August 16, 2017
Number of Lo-Res Albums:  897
Number of Hi-Res Albums: 3171

August 17, 2017
Number of Lo-Res Albums:  896
Number of Hi-Res Albums: 3181

August 18, 2017
Number of Lo-Res Albums:  896
Number of Hi-Res Albums: 3193

August 19, 2017
Number of Lo-Res Albums:  896
Number of Hi-Res Albums: 3198

September 03, 2017
Number of Lo-Res Albums:  896
Number of Hi-Res Albums: 3210
